<?xml version="1.0" encoding="UTF-8"?>
<testsuite xmlns:xsi="http://www.w3.org/2001/XMLSchema-instance" xsi:noNamespaceSchemaLocation="https://maven.apache.org/surefire/maven-surefire-plugin/xsd/surefire-test-report.xsd" name="ie.quest.challenge.ApplicationTests" time="9.884" tests="8" errors="0" skipped="0" failures="0">
  <properties>
[...]
</properties>
  <testcase name="testPost" classname="ie.quest.challenge.ApplicationTests" time="0.64"/>
  <testcase name="testRegisterPage" classname="ie.quest.challenge.ApplicationTests" time="0.906"/>
  <testcase name="testUnderAgePost" classname="ie.quest.challenge.ApplicationTests" time="0.046"/>
  <testcase name="testRootPage" classname="ie.quest.challenge.ApplicationTests" time="0.035"/>
  <testcase name="testDuplicatePpsPost" classname="ie.quest.challenge.ApplicationTests" time="0.064"/>
  <testcase name="testListWithPost" classname="ie.quest.challenge.ApplicationTests" time="0.062"/>
  <testcase name="testMobilePost" classname="ie.quest.challenge.ApplicationTests" time="0.04"/>
  <testcase name="testListPage" classname="ie.quest.challenge.ApplicationTests" time="0.058"/>
</testsuite>